2025-06-18 05:19:14,359 - global_logger - INFO - Starting AF project evaluation with start_ry_4_9_matches
2025-06-18 05:19:14,359 - global_logger - INFO - Starting AF project evaluation with start_ry_4_9_matches
2025-06-18 05:19:14,359 - global_logger - INFO - Starting AF project evaluation with start_ry_4_9_matches
2025-06-18 05:19:14,359 - global_logger - INFO - Loading configuration from ../config/af_project_evaluation_ry_4_9.yaml
2025-06-18 05:19:14,359 - global_logger - INFO - Loading configuration from ../config/af_project_evaluation_ry_4_9.yaml
2025-06-18 05:19:14,359 - global_logger - INFO - Loading configuration from ../config/af_project_evaluation_ry_4_9.yaml
2025-06-18 05:19:14,361 - global_logger - INFO - Loading sequences from ../dataset/af_project_dataset/AF-reference_datasets190511/genome-std-assembled-ecoli/dataset/assembled-ecoli
2025-06-18 05:19:14,361 - global_logger - INFO - Loading sequences from ../dataset/af_project_dataset/AF-reference_datasets190511/genome-std-assembled-ecoli/dataset/assembled-ecoli
2025-06-18 05:19:14,361 - global_logger - INFO - Loading sequences from ../dataset/af_project_dataset/AF-reference_datasets190511/genome-std-assembled-ecoli/dataset/assembled-ecoli
2025-06-18 05:19:16,242 - global_logger - INFO - Loaded 29 sequences
2025-06-18 05:19:16,242 - global_logger - INFO - Loaded 29 sequences
2025-06-18 05:19:16,242 - global_logger - INFO - Loaded 29 sequences
2025-06-18 05:19:16,243 - global_logger - INFO - Saving results to ../result/af_project_evaluation_20250618_051916_start_ry_4_9_matches_no_background_matches_False_True.phy
2025-06-18 05:19:16,243 - global_logger - INFO - Saving results to ../result/af_project_evaluation_20250618_051916_start_ry_4_9_matches_no_background_matches_False_True.phy
2025-06-18 05:19:16,243 - global_logger - INFO - Saving results to ../result/af_project_evaluation_20250618_051916_start_ry_4_9_matches_no_background_matches_False_True.phy
2025-06-18 05:19:17,377 - global_logger - INFO - Using empirical formula to calculate k_min and k_max
2025-06-18 05:19:17,377 - global_logger - INFO - Using empirical formula to calculate k_min and k_max
2025-06-18 05:19:17,377 - global_logger - INFO - Using empirical formula to calculate k_min and k_max
2025-06-18 05:19:17,378 - global_logger - INFO - k_min: 19, k_max: 24
2025-06-18 05:19:17,378 - global_logger - INFO - k_min: 19, k_max: 24
2025-06-18 05:19:17,378 - global_logger - INFO - k_min: 19, k_max: 24
2025-06-18 05:19:17,378 - global_logger - INFO - Calculating p_hat
2025-06-18 05:19:17,378 - global_logger - INFO - Calculating p_hat
2025-06-18 05:19:17,378 - global_logger - INFO - Calculating p_hat
2025-06-18 05:19:17,392 - global_logger - INFO - Using start_ry_4_9_matches to calculate F(k)
2025-06-18 05:19:17,392 - global_logger - INFO - Using start_ry_4_9_matches to calculate F(k)
2025-06-18 05:19:17,392 - global_logger - INFO - Using start_ry_4_9_matches to calculate F(k)
2025-06-18 05:19:17,479 - global_logger - INFO - Using empirical formula to calculate k_min and k_max
2025-06-18 05:19:17,479 - global_logger - INFO - Using empirical formula to calculate k_min and k_max
2025-06-18 05:19:17,479 - global_logger - INFO - Using empirical formula to calculate k_min and k_max
2025-06-18 05:19:17,481 - global_logger - INFO - k_min: 19, k_max: 24
2025-06-18 05:19:17,481 - global_logger - INFO - k_min: 19, k_max: 24
2025-06-18 05:19:17,481 - global_logger - INFO - k_min: 19, k_max: 24
2025-06-18 05:19:17,481 - global_logger - INFO - Calculating p_hat
2025-06-18 05:19:17,481 - global_logger - INFO - Calculating p_hat
2025-06-18 05:19:17,481 - global_logger - INFO - Calculating p_hat
2025-06-18 05:19:17,494 - global_logger - INFO - Using start_ry_4_9_matches to calculate F(k)
2025-06-18 05:19:17,494 - global_logger - INFO - Using start_ry_4_9_matches to calculate F(k)
2025-06-18 05:19:17,494 - global_logger - INFO - Using start_ry_4_9_matches to calculate F(k)
2025-06-18 05:19:17,658 - global_logger - INFO - Using empirical formula to calculate k_min and k_max
2025-06-18 05:19:17,658 - global_logger - INFO - Using empirical formula to calculate k_min and k_max
2025-06-18 05:19:17,658 - global_logger - INFO - Using empirical formula to calculate k_min and k_max
2025-06-18 05:19:17,659 - global_logger - INFO - k_min: 19, k_max: 24
2025-06-18 05:19:17,659 - global_logger - INFO - k_min: 19, k_max: 24
2025-06-18 05:19:17,659 - global_logger - INFO - k_min: 19, k_max: 24
2025-06-18 05:19:17,659 - global_logger - INFO - Calculating p_hat
2025-06-18 05:19:17,659 - global_logger - INFO - Calculating p_hat
2025-06-18 05:19:17,659 - global_logger - INFO - Calculating p_hat
2025-06-18 05:19:17,673 - global_logger - INFO - Using start_ry_4_9_matches to calculate F(k)
2025-06-18 05:19:17,673 - global_logger - INFO - Using start_ry_4_9_matches to calculate F(k)
2025-06-18 05:19:17,673 - global_logger - INFO - Using start_ry_4_9_matches to calculate F(k)
2025-06-18 05:19:17,765 - global_logger - INFO - Using empirical formula to calculate k_min and k_max
2025-06-18 05:19:17,765 - global_logger - INFO - Using empirical formula to calculate k_min and k_max
2025-06-18 05:19:17,765 - global_logger - INFO - Using empirical formula to calculate k_min and k_max
2025-06-18 05:19:17,767 - global_logger - INFO - k_min: 19, k_max: 24
2025-06-18 05:19:17,767 - global_logger - INFO - k_min: 19, k_max: 24
2025-06-18 05:19:17,767 - global_logger - INFO - k_min: 19, k_max: 24
2025-06-18 05:19:17,767 - global_logger - INFO - Calculating p_hat
2025-06-18 05:19:17,767 - global_logger - INFO - Calculating p_hat
2025-06-18 05:19:17,767 - global_logger - INFO - Calculating p_hat
2025-06-18 05:19:17,781 - global_logger - INFO - Using start_ry_4_9_matches to calculate F(k)
2025-06-18 05:19:17,781 - global_logger - INFO - Using start_ry_4_9_matches to calculate F(k)
2025-06-18 05:19:17,781 - global_logger - INFO - Using start_ry_4_9_matches to calculate F(k)
2025-06-18 05:19:17,889 - global_logger - INFO - Using empirical formula to calculate k_min and k_max
2025-06-18 05:19:17,889 - global_logger - INFO - Using empirical formula to calculate k_min and k_max
2025-06-18 05:19:17,889 - global_logger - INFO - Using empirical formula to calculate k_min and k_max
2025-06-18 05:19:17,893 - global_logger - INFO - k_min: 19, k_max: 24
2025-06-18 05:19:17,893 - global_logger - INFO - k_min: 19, k_max: 24
2025-06-18 05:19:17,893 - global_logger - INFO - k_min: 19, k_max: 24
2025-06-18 05:19:17,894 - global_logger - INFO - Calculating p_hat
2025-06-18 05:19:17,894 - global_logger - INFO - Calculating p_hat
2025-06-18 05:19:17,894 - global_logger - INFO - Calculating p_hat
2025-06-18 05:19:17,913 - global_logger - INFO - Using start_ry_4_9_matches to calculate F(k)
2025-06-18 05:19:17,913 - global_logger - INFO - Using start_ry_4_9_matches to calculate F(k)
2025-06-18 05:19:17,913 - global_logger - INFO - Using start_ry_4_9_matches to calculate F(k)
2025-06-18 05:19:18,021 - global_logger - INFO - Using empirical formula to calculate k_min and k_max
2025-06-18 05:19:18,021 - global_logger - INFO - Using empirical formula to calculate k_min and k_max
2025-06-18 05:19:18,021 - global_logger - INFO - Using empirical formula to calculate k_min and k_max
2025-06-18 05:19:18,022 - global_logger - INFO - k_min: 19, k_max: 24
2025-06-18 05:19:18,022 - global_logger - INFO - k_min: 19, k_max: 24
2025-06-18 05:19:18,022 - global_logger - INFO - k_min: 19, k_max: 24
2025-06-18 05:19:18,022 - global_logger - INFO - Calculating p_hat
2025-06-18 05:19:18,022 - global_logger - INFO - Calculating p_hat
2025-06-18 05:19:18,022 - global_logger - INFO - Calculating p_hat
2025-06-18 05:19:18,037 - global_logger - INFO - Using start_ry_4_9_matches to calculate F(k)
2025-06-18 05:19:18,037 - global_logger - INFO - Using start_ry_4_9_matches to calculate F(k)
2025-06-18 05:19:18,037 - global_logger - INFO - Using start_ry_4_9_matches to calculate F(k)
2025-06-18 05:19:18,156 - global_logger - INFO - Using empirical formula to calculate k_min and k_max
2025-06-18 05:19:18,156 - global_logger - INFO - Using empirical formula to calculate k_min and k_max
2025-06-18 05:19:18,156 - global_logger - INFO - Using empirical formula to calculate k_min and k_max
2025-06-18 05:19:18,157 - global_logger - INFO - k_min: 19, k_max: 24
2025-06-18 05:19:18,157 - global_logger - INFO - k_min: 19, k_max: 24
2025-06-18 05:19:18,157 - global_logger - INFO - k_min: 19, k_max: 24
2025-06-18 05:19:18,157 - global_logger - INFO - Calculating p_hat
2025-06-18 05:19:18,157 - global_logger - INFO - Calculating p_hat
2025-06-18 05:19:18,157 - global_logger - INFO - Calculating p_hat
2025-06-18 05:19:18,170 - global_logger - INFO - Using start_ry_4_9_matches to calculate F(k)
2025-06-18 05:19:18,170 - global_logger - INFO - Using start_ry_4_9_matches to calculate F(k)
2025-06-18 05:19:18,170 - global_logger - INFO - Using start_ry_4_9_matches to calculate F(k)
2025-06-18 05:19:18,314 - global_logger - INFO - Using empirical formula to calculate k_min and k_max
2025-06-18 05:19:18,314 - global_logger - INFO - Using empirical formula to calculate k_min and k_max
2025-06-18 05:19:18,314 - global_logger - INFO - Using empirical formula to calculate k_min and k_max
2025-06-18 05:19:18,316 - global_logger - INFO - k_min: 19, k_max: 24
2025-06-18 05:19:18,316 - global_logger - INFO - k_min: 19, k_max: 24
2025-06-18 05:19:18,316 - global_logger - INFO - k_min: 19, k_max: 24
2025-06-18 05:19:18,316 - global_logger - INFO - Calculating p_hat
2025-06-18 05:19:18,316 - global_logger - INFO - Calculating p_hat
2025-06-18 05:19:18,316 - global_logger - INFO - Calculating p_hat
2025-06-18 05:19:18,322 - global_logger - INFO - Using start_ry_4_9_matches to calculate F(k)
2025-06-18 05:19:18,322 - global_logger - INFO - Using start_ry_4_9_matches to calculate F(k)
2025-06-18 05:19:18,322 - global_logger - INFO - Using start_ry_4_9_matches to calculate F(k)
2025-06-18 05:19:18,465 - global_logger - INFO - Using empirical formula to calculate k_min and k_max
2025-06-18 05:19:18,465 - global_logger - INFO - Using empirical formula to calculate k_min and k_max
2025-06-18 05:19:18,465 - global_logger - INFO - Using empirical formula to calculate k_min and k_max
2025-06-18 05:19:18,466 - global_logger - INFO - k_min: 19, k_max: 24
2025-06-18 05:19:18,466 - global_logger - INFO - k_min: 19, k_max: 24
2025-06-18 05:19:18,466 - global_logger - INFO - k_min: 19, k_max: 24
2025-06-18 05:19:18,466 - global_logger - INFO - Calculating p_hat
2025-06-18 05:19:18,466 - global_logger - INFO - Calculating p_hat
2025-06-18 05:19:18,466 - global_logger - INFO - Calculating p_hat
2025-06-18 05:19:18,472 - global_logger - INFO - Using start_ry_4_9_matches to calculate F(k)
2025-06-18 05:19:18,472 - global_logger - INFO - Using start_ry_4_9_matches to calculate F(k)
2025-06-18 05:19:18,472 - global_logger - INFO - Using start_ry_4_9_matches to calculate F(k)
2025-06-18 05:19:18,611 - global_logger - INFO - Using empirical formula to calculate k_min and k_max
2025-06-18 05:19:18,611 - global_logger - INFO - Using empirical formula to calculate k_min and k_max
2025-06-18 05:19:18,611 - global_logger - INFO - Using empirical formula to calculate k_min and k_max
2025-06-18 05:19:18,612 - global_logger - INFO - k_min: 19, k_max: 24
2025-06-18 05:19:18,612 - global_logger - INFO - k_min: 19, k_max: 24
2025-06-18 05:19:18,612 - global_logger - INFO - k_min: 19, k_max: 24
2025-06-18 05:19:18,613 - global_logger - INFO - Calculating p_hat
2025-06-18 05:19:18,613 - global_logger - INFO - Calculating p_hat
2025-06-18 05:19:18,613 - global_logger - INFO - Calculating p_hat
2025-06-18 05:19:18,619 - global_logger - INFO - Using start_ry_4_9_matches to calculate F(k)
2025-06-18 05:19:18,619 - global_logger - INFO - Using start_ry_4_9_matches to calculate F(k)
2025-06-18 05:19:18,619 - global_logger - INFO - Using start_ry_4_9_matches to calculate F(k)
2025-06-18 05:19:18,741 - global_logger - INFO - Using empirical formula to calculate k_min and k_max
2025-06-18 05:19:18,741 - global_logger - INFO - Using empirical formula to calculate k_min and k_max
2025-06-18 05:19:18,741 - global_logger - INFO - Using empirical formula to calculate k_min and k_max
2025-06-18 05:19:18,742 - global_logger - INFO - k_min: 19, k_max: 24
2025-06-18 05:19:18,742 - global_logger - INFO - k_min: 19, k_max: 24
2025-06-18 05:19:18,742 - global_logger - INFO - k_min: 19, k_max: 24
2025-06-18 05:19:18,743 - global_logger - INFO - Calculating p_hat
2025-06-18 05:19:18,743 - global_logger - INFO - Calculating p_hat
2025-06-18 05:19:18,743 - global_logger - INFO - Calculating p_hat
2025-06-18 05:19:18,749 - global_logger - INFO - Using start_ry_4_9_matches to calculate F(k)
2025-06-18 05:19:18,749 - global_logger - INFO - Using start_ry_4_9_matches to calculate F(k)
2025-06-18 05:19:18,749 - global_logger - INFO - Using start_ry_4_9_matches to calculate F(k)
2025-06-18 05:19:18,867 - global_logger - INFO - Using empirical formula to calculate k_min and k_max
2025-06-18 05:19:18,867 - global_logger - INFO - Using empirical formula to calculate k_min and k_max
2025-06-18 05:19:18,867 - global_logger - INFO - Using empirical formula to calculate k_min and k_max
2025-06-18 05:19:18,868 - global_logger - INFO - k_min: 19, k_max: 24
2025-06-18 05:19:18,868 - global_logger - INFO - k_min: 19, k_max: 24
2025-06-18 05:19:18,868 - global_logger - INFO - k_min: 19, k_max: 24
2025-06-18 05:19:18,869 - global_logger - INFO - Calculating p_hat
2025-06-18 05:19:18,869 - global_logger - INFO - Calculating p_hat
2025-06-18 05:19:18,869 - global_logger - INFO - Calculating p_hat
2025-06-18 05:19:18,876 - global_logger - INFO - Using start_ry_4_9_matches to calculate F(k)
2025-06-18 05:19:18,876 - global_logger - INFO - Using start_ry_4_9_matches to calculate F(k)
2025-06-18 05:19:18,876 - global_logger - INFO - Using start_ry_4_9_matches to calculate F(k)
2025-06-18 05:19:19,008 - global_logger - INFO - Using empirical formula to calculate k_min and k_max
2025-06-18 05:19:19,008 - global_logger - INFO - Using empirical formula to calculate k_min and k_max
2025-06-18 05:19:19,008 - global_logger - INFO - Using empirical formula to calculate k_min and k_max
2025-06-18 05:19:19,010 - global_logger - INFO - k_min: 19, k_max: 24
2025-06-18 05:19:19,010 - global_logger - INFO - k_min: 19, k_max: 24
2025-06-18 05:19:19,010 - global_logger - INFO - k_min: 19, k_max: 24
2025-06-18 05:19:19,010 - global_logger - INFO - Calculating p_hat
2025-06-18 05:19:19,010 - global_logger - INFO - Calculating p_hat
2025-06-18 05:19:19,010 - global_logger - INFO - Calculating p_hat
2025-06-18 05:19:19,016 - global_logger - INFO - Using start_ry_4_9_matches to calculate F(k)
2025-06-18 05:19:19,016 - global_logger - INFO - Using start_ry_4_9_matches to calculate F(k)
2025-06-18 05:19:19,016 - global_logger - INFO - Using start_ry_4_9_matches to calculate F(k)
2025-06-18 05:19:19,141 - global_logger - INFO - Using empirical formula to calculate k_min and k_max
2025-06-18 05:19:19,141 - global_logger - INFO - Using empirical formula to calculate k_min and k_max
2025-06-18 05:19:19,141 - global_logger - INFO - Using empirical formula to calculate k_min and k_max
2025-06-18 05:19:19,142 - global_logger - INFO - k_min: 19, k_max: 24
2025-06-18 05:19:19,142 - global_logger - INFO - k_min: 19, k_max: 24
2025-06-18 05:19:19,142 - global_logger - INFO - k_min: 19, k_max: 24
2025-06-18 05:19:19,142 - global_logger - INFO - Calculating p_hat
2025-06-18 05:19:19,142 - global_logger - INFO - Calculating p_hat
2025-06-18 05:19:19,142 - global_logger - INFO - Calculating p_hat
2025-06-18 05:19:19,148 - global_logger - INFO - Using start_ry_4_9_matches to calculate F(k)
2025-06-18 05:19:19,148 - global_logger - INFO - Using start_ry_4_9_matches to calculate F(k)
2025-06-18 05:19:19,148 - global_logger - INFO - Using start_ry_4_9_matches to calculate F(k)
2025-06-18 05:19:19,316 - global_logger - INFO - Using empirical formula to calculate k_min and k_max
2025-06-18 05:19:19,316 - global_logger - INFO - Using empirical formula to calculate k_min and k_max
2025-06-18 05:19:19,316 - global_logger - INFO - Using empirical formula to calculate k_min and k_max
2025-06-18 05:19:19,317 - global_logger - INFO - k_min: 19, k_max: 24
2025-06-18 05:19:19,317 - global_logger - INFO - k_min: 19, k_max: 24
2025-06-18 05:19:19,317 - global_logger - INFO - k_min: 19, k_max: 24
2025-06-18 05:19:19,318 - global_logger - INFO - Calculating p_hat
2025-06-18 05:19:19,318 - global_logger - INFO - Calculating p_hat
2025-06-18 05:19:19,318 - global_logger - INFO - Calculating p_hat
2025-06-18 05:19:19,325 - global_logger - INFO - Using start_ry_4_9_matches to calculate F(k)
2025-06-18 05:19:19,325 - global_logger - INFO - Using start_ry_4_9_matches to calculate F(k)
2025-06-18 05:19:19,325 - global_logger - INFO - Using start_ry_4_9_matches to calculate F(k)
2025-06-18 05:19:19,474 - global_logger - INFO - Using empirical formula to calculate k_min and k_max
2025-06-18 05:19:19,474 - global_logger - INFO - Using empirical formula to calculate k_min and k_max
2025-06-18 05:19:19,474 - global_logger - INFO - Using empirical formula to calculate k_min and k_max
2025-06-18 05:19:19,476 - global_logger - INFO - k_min: 19, k_max: 24
2025-06-18 05:19:19,476 - global_logger - INFO - k_min: 19, k_max: 24
2025-06-18 05:19:19,476 - global_logger - INFO - k_min: 19, k_max: 24
2025-06-18 05:19:19,476 - global_logger - INFO - Calculating p_hat
2025-06-18 05:19:19,476 - global_logger - INFO - Calculating p_hat
2025-06-18 05:19:19,476 - global_logger - INFO - Calculating p_hat
2025-06-18 05:19:19,483 - global_logger - INFO - Using start_ry_4_9_matches to calculate F(k)
2025-06-18 05:19:19,483 - global_logger - INFO - Using start_ry_4_9_matches to calculate F(k)
2025-06-18 05:19:19,483 - global_logger - INFO - Using start_ry_4_9_matches to calculate F(k)
2025-06-18 05:19:19,621 - global_logger - INFO - Using empirical formula to calculate k_min and k_max
2025-06-18 05:19:19,621 - global_logger - INFO - Using empirical formula to calculate k_min and k_max
2025-06-18 05:19:19,621 - global_logger - INFO - Using empirical formula to calculate k_min and k_max
2025-06-18 05:19:19,622 - global_logger - INFO - k_min: 19, k_max: 24
2025-06-18 05:19:19,622 - global_logger - INFO - k_min: 19, k_max: 24
2025-06-18 05:19:19,622 - global_logger - INFO - k_min: 19, k_max: 24
2025-06-18 05:19:19,622 - global_logger - INFO - Calculating p_hat
2025-06-18 05:19:19,622 - global_logger - INFO - Calculating p_hat
2025-06-18 05:19:19,622 - global_logger - INFO - Calculating p_hat
2025-06-18 05:19:19,629 - global_logger - INFO - Using start_ry_4_9_matches to calculate F(k)
2025-06-18 05:19:19,629 - global_logger - INFO - Using start_ry_4_9_matches to calculate F(k)
2025-06-18 05:19:19,629 - global_logger - INFO - Using start_ry_4_9_matches to calculate F(k)
2025-06-18 05:19:19,778 - global_logger - INFO - Using empirical formula to calculate k_min and k_max
2025-06-18 05:19:19,778 - global_logger - INFO - Using empirical formula to calculate k_min and k_max
2025-06-18 05:19:19,778 - global_logger - INFO - Using empirical formula to calculate k_min and k_max
2025-06-18 05:19:19,780 - global_logger - INFO - k_min: 19, k_max: 24
2025-06-18 05:19:19,780 - global_logger - INFO - k_min: 19, k_max: 24
2025-06-18 05:19:19,780 - global_logger - INFO - k_min: 19, k_max: 24
2025-06-18 05:19:19,780 - global_logger - INFO - Calculating p_hat
2025-06-18 05:19:19,780 - global_logger - INFO - Calculating p_hat
2025-06-18 05:19:19,780 - global_logger - INFO - Calculating p_hat
2025-06-18 05:19:19,786 - global_logger - INFO - Using start_ry_4_9_matches to calculate F(k)
2025-06-18 05:19:19,786 - global_logger - INFO - Using start_ry_4_9_matches to calculate F(k)
2025-06-18 05:19:19,786 - global_logger - INFO - Using start_ry_4_9_matches to calculate F(k)
2025-06-18 05:19:19,970 - global_logger - INFO - Using empirical formula to calculate k_min and k_max
2025-06-18 05:19:19,970 - global_logger - INFO - Using empirical formula to calculate k_min and k_max
2025-06-18 05:19:19,970 - global_logger - INFO - Using empirical formula to calculate k_min and k_max
2025-06-18 05:19:19,971 - global_logger - INFO - k_min: 19, k_max: 24
2025-06-18 05:19:19,971 - global_logger - INFO - k_min: 19, k_max: 24
2025-06-18 05:19:19,971 - global_logger - INFO - k_min: 19, k_max: 24
2025-06-18 05:19:19,971 - global_logger - INFO - Calculating p_hat
2025-06-18 05:19:19,971 - global_logger - INFO - Calculating p_hat
2025-06-18 05:19:19,971 - global_logger - INFO - Calculating p_hat
2025-06-18 05:19:19,979 - global_logger - INFO - Using start_ry_4_9_matches to calculate F(k)
2025-06-18 05:19:19,979 - global_logger - INFO - Using start_ry_4_9_matches to calculate F(k)
2025-06-18 05:19:19,979 - global_logger - INFO - Using start_ry_4_9_matches to calculate F(k)
2025-06-18 05:19:20,127 - global_logger - INFO - Using empirical formula to calculate k_min and k_max
2025-06-18 05:19:20,127 - global_logger - INFO - Using empirical formula to calculate k_min and k_max
2025-06-18 05:19:20,127 - global_logger - INFO - Using empirical formula to calculate k_min and k_max
2025-06-18 05:19:20,129 - global_logger - INFO - k_min: 19, k_max: 24
2025-06-18 05:19:20,129 - global_logger - INFO - k_min: 19, k_max: 24
2025-06-18 05:19:20,129 - global_logger - INFO - k_min: 19, k_max: 24
2025-06-18 05:19:20,129 - global_logger - INFO - Calculating p_hat
2025-06-18 05:19:20,129 - global_logger - INFO - Calculating p_hat
2025-06-18 05:19:20,129 - global_logger - INFO - Calculating p_hat
2025-06-18 05:19:20,136 - global_logger - INFO - Using start_ry_4_9_matches to calculate F(k)
2025-06-18 05:19:20,136 - global_logger - INFO - Using start_ry_4_9_matches to calculate F(k)
2025-06-18 05:19:20,136 - global_logger - INFO - Using start_ry_4_9_matches to calculate F(k)
2025-06-18 05:19:20,273 - global_logger - INFO - Using empirical formula to calculate k_min and k_max
2025-06-18 05:19:20,273 - global_logger - INFO - Using empirical formula to calculate k_min and k_max
2025-06-18 05:19:20,273 - global_logger - INFO - Using empirical formula to calculate k_min and k_max
2025-06-18 05:19:20,274 - global_logger - INFO - k_min: 19, k_max: 24
2025-06-18 05:19:20,274 - global_logger - INFO - k_min: 19, k_max: 24
2025-06-18 05:19:20,274 - global_logger - INFO - k_min: 19, k_max: 24
2025-06-18 05:19:20,274 - global_logger - INFO - Calculating p_hat
2025-06-18 05:19:20,274 - global_logger - INFO - Calculating p_hat
2025-06-18 05:19:20,274 - global_logger - INFO - Calculating p_hat
2025-06-18 05:19:20,282 - global_logger - INFO - Using start_ry_4_9_matches to calculate F(k)
2025-06-18 05:19:20,282 - global_logger - INFO - Using start_ry_4_9_matches to calculate F(k)
2025-06-18 05:19:20,282 - global_logger - INFO - Using start_ry_4_9_matches to calculate F(k)
2025-06-18 05:19:20,411 - global_logger - INFO - Using empirical formula to calculate k_min and k_max
2025-06-18 05:19:20,411 - global_logger - INFO - Using empirical formula to calculate k_min and k_max
2025-06-18 05:19:20,411 - global_logger - INFO - Using empirical formula to calculate k_min and k_max
2025-06-18 05:19:20,414 - global_logger - INFO - k_min: 19, k_max: 24
2025-06-18 05:19:20,414 - global_logger - INFO - k_min: 19, k_max: 24
2025-06-18 05:19:20,414 - global_logger - INFO - k_min: 19, k_max: 24
2025-06-18 05:19:20,414 - global_logger - INFO - Calculating p_hat
2025-06-18 05:19:20,414 - global_logger - INFO - Calculating p_hat
2025-06-18 05:19:20,414 - global_logger - INFO - Calculating p_hat
2025-06-18 05:19:20,423 - global_logger - INFO - Using start_ry_4_9_matches to calculate F(k)
2025-06-18 05:19:20,423 - global_logger - INFO - Using start_ry_4_9_matches to calculate F(k)
2025-06-18 05:19:20,423 - global_logger - INFO - Using start_ry_4_9_matches to calculate F(k)
2025-06-18 05:19:20,602 - global_logger - INFO - Using empirical formula to calculate k_min and k_max
2025-06-18 05:19:20,602 - global_logger - INFO - Using empirical formula to calculate k_min and k_max
2025-06-18 05:19:20,602 - global_logger - INFO - Using empirical formula to calculate k_min and k_max
2025-06-18 05:19:20,605 - global_logger - INFO - k_min: 19, k_max: 24
2025-06-18 05:19:20,605 - global_logger - INFO - k_min: 19, k_max: 24
2025-06-18 05:19:20,605 - global_logger - INFO - k_min: 19, k_max: 24
2025-06-18 05:19:20,605 - global_logger - INFO - Calculating p_hat
2025-06-18 05:19:20,605 - global_logger - INFO - Calculating p_hat
2025-06-18 05:19:20,605 - global_logger - INFO - Calculating p_hat
2025-06-18 05:19:20,612 - global_logger - INFO - Using start_ry_4_9_matches to calculate F(k)
2025-06-18 05:19:20,612 - global_logger - INFO - Using start_ry_4_9_matches to calculate F(k)
2025-06-18 05:19:20,612 - global_logger - INFO - Using start_ry_4_9_matches to calculate F(k)
2025-06-18 05:19:20,734 - global_logger - INFO - Using empirical formula to calculate k_min and k_max
2025-06-18 05:19:20,734 - global_logger - INFO - Using empirical formula to calculate k_min and k_max
2025-06-18 05:19:20,734 - global_logger - INFO - Using empirical formula to calculate k_min and k_max
2025-06-18 05:19:20,735 - global_logger - INFO - k_min: 19, k_max: 24
2025-06-18 05:19:20,735 - global_logger - INFO - k_min: 19, k_max: 24
2025-06-18 05:19:20,735 - global_logger - INFO - k_min: 19, k_max: 24
2025-06-18 05:19:20,735 - global_logger - INFO - Calculating p_hat
2025-06-18 05:19:20,735 - global_logger - INFO - Calculating p_hat
2025-06-18 05:19:20,735 - global_logger - INFO - Calculating p_hat
2025-06-18 05:19:20,742 - global_logger - INFO - Using start_ry_4_9_matches to calculate F(k)
2025-06-18 05:19:20,742 - global_logger - INFO - Using start_ry_4_9_matches to calculate F(k)
2025-06-18 05:19:20,742 - global_logger - INFO - Using start_ry_4_9_matches to calculate F(k)
2025-06-18 05:19:20,880 - global_logger - INFO - Using empirical formula to calculate k_min and k_max
2025-06-18 05:19:20,880 - global_logger - INFO - Using empirical formula to calculate k_min and k_max
2025-06-18 05:19:20,880 - global_logger - INFO - Using empirical formula to calculate k_min and k_max
2025-06-18 05:19:20,882 - global_logger - INFO - k_min: 19, k_max: 24
2025-06-18 05:19:20,882 - global_logger - INFO - k_min: 19, k_max: 24
2025-06-18 05:19:20,882 - global_logger - INFO - k_min: 19, k_max: 24
2025-06-18 05:19:20,882 - global_logger - INFO - Calculating p_hat
2025-06-18 05:19:20,882 - global_logger - INFO - Calculating p_hat
2025-06-18 05:19:20,882 - global_logger - INFO - Calculating p_hat
2025-06-18 05:19:20,890 - global_logger - INFO - Using start_ry_4_9_matches to calculate F(k)
2025-06-18 05:19:20,890 - global_logger - INFO - Using start_ry_4_9_matches to calculate F(k)
2025-06-18 05:19:20,890 - global_logger - INFO - Using start_ry_4_9_matches to calculate F(k)
2025-06-18 05:19:21,019 - global_logger - INFO - Using empirical formula to calculate k_min and k_max
2025-06-18 05:19:21,019 - global_logger - INFO - Using empirical formula to calculate k_min and k_max
2025-06-18 05:19:21,019 - global_logger - INFO - Using empirical formula to calculate k_min and k_max
2025-06-18 05:19:21,022 - global_logger - INFO - k_min: 19, k_max: 24
2025-06-18 05:19:21,022 - global_logger - INFO - k_min: 19, k_max: 24
2025-06-18 05:19:21,022 - global_logger - INFO - k_min: 19, k_max: 24
2025-06-18 05:19:21,023 - global_logger - INFO - Calculating p_hat
2025-06-18 05:19:21,023 - global_logger - INFO - Calculating p_hat
2025-06-18 05:19:21,023 - global_logger - INFO - Calculating p_hat
2025-06-18 05:19:21,031 - global_logger - INFO - Using start_ry_4_9_matches to calculate F(k)
2025-06-18 05:19:21,031 - global_logger - INFO - Using start_ry_4_9_matches to calculate F(k)
2025-06-18 05:19:21,031 - global_logger - INFO - Using start_ry_4_9_matches to calculate F(k)
2025-06-18 05:19:21,150 - global_logger - INFO - Using empirical formula to calculate k_min and k_max
2025-06-18 05:19:21,150 - global_logger - INFO - Using empirical formula to calculate k_min and k_max
2025-06-18 05:19:21,150 - global_logger - INFO - Using empirical formula to calculate k_min and k_max
2025-06-18 05:19:21,152 - global_logger - INFO - k_min: 19, k_max: 24
2025-06-18 05:19:21,152 - global_logger - INFO - k_min: 19, k_max: 24
2025-06-18 05:19:21,152 - global_logger - INFO - k_min: 19, k_max: 24
2025-06-18 05:19:21,152 - global_logger - INFO - Calculating p_hat
2025-06-18 05:19:21,152 - global_logger - INFO - Calculating p_hat
2025-06-18 05:19:21,152 - global_logger - INFO - Calculating p_hat
2025-06-18 05:19:21,160 - global_logger - INFO - Using start_ry_4_9_matches to calculate F(k)
2025-06-18 05:19:21,160 - global_logger - INFO - Using start_ry_4_9_matches to calculate F(k)
2025-06-18 05:19:21,160 - global_logger - INFO - Using start_ry_4_9_matches to calculate F(k)
2025-06-18 05:19:21,295 - global_logger - INFO - Using empirical formula to calculate k_min and k_max
2025-06-18 05:19:21,295 - global_logger - INFO - Using empirical formula to calculate k_min and k_max
2025-06-18 05:19:21,295 - global_logger - INFO - Using empirical formula to calculate k_min and k_max
2025-06-18 05:19:21,298 - global_logger - INFO - k_min: 19, k_max: 24
2025-06-18 05:19:21,298 - global_logger - INFO - k_min: 19, k_max: 24
2025-06-18 05:19:21,298 - global_logger - INFO - k_min: 19, k_max: 24
2025-06-18 05:19:21,299 - global_logger - INFO - Calculating p_hat
2025-06-18 05:19:21,299 - global_logger - INFO - Calculating p_hat
2025-06-18 05:19:21,299 - global_logger - INFO - Calculating p_hat
2025-06-18 05:19:21,306 - global_logger - INFO - Using start_ry_4_9_matches to calculate F(k)
2025-06-18 05:19:21,306 - global_logger - INFO - Using start_ry_4_9_matches to calculate F(k)
2025-06-18 05:19:21,306 - global_logger - INFO - Using start_ry_4_9_matches to calculate F(k)
2025-06-18 05:19:21,424 - global_logger - INFO - Using empirical formula to calculate k_min and k_max
2025-06-18 05:19:21,424 - global_logger - INFO - Using empirical formula to calculate k_min and k_max
2025-06-18 05:19:21,424 - global_logger - INFO - Using empirical formula to calculate k_min and k_max
2025-06-18 05:19:21,426 - global_logger - INFO - k_min: 19, k_max: 24
2025-06-18 05:19:21,426 - global_logger - INFO - k_min: 19, k_max: 24
2025-06-18 05:19:21,426 - global_logger - INFO - k_min: 19, k_max: 24
2025-06-18 05:19:21,426 - global_logger - INFO - Calculating p_hat
2025-06-18 05:19:21,426 - global_logger - INFO - Calculating p_hat
2025-06-18 05:19:21,426 - global_logger - INFO - Calculating p_hat
2025-06-18 05:19:21,434 - global_logger - INFO - Using start_ry_4_9_matches to calculate F(k)
2025-06-18 05:19:21,434 - global_logger - INFO - Using start_ry_4_9_matches to calculate F(k)
2025-06-18 05:19:21,434 - global_logger - INFO - Using start_ry_4_9_matches to calculate F(k)
2025-06-18 05:19:21,560 - global_logger - INFO - Using empirical formula to calculate k_min and k_max
2025-06-18 05:19:21,560 - global_logger - INFO - Using empirical formula to calculate k_min and k_max
2025-06-18 05:19:21,560 - global_logger - INFO - Using empirical formula to calculate k_min and k_max
2025-06-18 05:19:21,562 - global_logger - INFO - k_min: 19, k_max: 24
2025-06-18 05:19:21,562 - global_logger - INFO - k_min: 19, k_max: 24
2025-06-18 05:19:21,562 - global_logger - INFO - k_min: 19, k_max: 24
2025-06-18 05:19:21,563 - global_logger - INFO - Calculating p_hat
2025-06-18 05:19:21,563 - global_logger - INFO - Calculating p_hat
2025-06-18 05:19:21,563 - global_logger - INFO - Calculating p_hat
2025-06-18 05:19:21,572 - global_logger - INFO - Using start_ry_4_9_matches to calculate F(k)
2025-06-18 05:19:21,572 - global_logger - INFO - Using start_ry_4_9_matches to calculate F(k)
2025-06-18 05:19:21,572 - global_logger - INFO - Using start_ry_4_9_matches to calculate F(k)
2025-06-18 05:19:21,721 - global_logger - INFO - Using empirical formula to calculate k_min and k_max
2025-06-18 05:19:21,721 - global_logger - INFO - Using empirical formula to calculate k_min and k_max
2025-06-18 05:19:21,721 - global_logger - INFO - Using empirical formula to calculate k_min and k_max
2025-06-18 05:19:21,722 - global_logger - INFO - k_min: 19, k_max: 24
2025-06-18 05:19:21,722 - global_logger - INFO - k_min: 19, k_max: 24
2025-06-18 05:19:21,722 - global_logger - INFO - k_min: 19, k_max: 24
2025-06-18 05:19:21,723 - global_logger - INFO - Calculating p_hat
2025-06-18 05:19:21,723 - global_logger - INFO - Calculating p_hat
2025-06-18 05:19:21,723 - global_logger - INFO - Calculating p_hat
2025-06-18 05:19:21,730 - global_logger - INFO - Using start_ry_4_9_matches to calculate F(k)
2025-06-18 05:19:21,730 - global_logger - INFO - Using start_ry_4_9_matches to calculate F(k)
2025-06-18 05:19:21,730 - global_logger - INFO - Using start_ry_4_9_matches to calculate F(k)
2025-06-18 05:19:21,847 - global_logger - INFO - Using empirical formula to calculate k_min and k_max
2025-06-18 05:19:21,847 - global_logger - INFO - Using empirical formula to calculate k_min and k_max
2025-06-18 05:19:21,847 - global_logger - INFO - Using empirical formula to calculate k_min and k_max
2025-06-18 05:19:21,848 - global_logger - INFO - k_min: 19, k_max: 24
2025-06-18 05:19:21,848 - global_logger - INFO - k_min: 19, k_max: 24
2025-06-18 05:19:21,848 - global_logger - INFO - k_min: 19, k_max: 24
2025-06-18 05:19:21,848 - global_logger - INFO - Calculating p_hat
2025-06-18 05:19:21,848 - global_logger - INFO - Calculating p_hat
2025-06-18 05:19:21,848 - global_logger - INFO - Calculating p_hat
2025-06-18 05:19:21,856 - global_logger - INFO - Using start_ry_4_9_matches to calculate F(k)
2025-06-18 05:19:21,856 - global_logger - INFO - Using start_ry_4_9_matches to calculate F(k)
2025-06-18 05:19:21,856 - global_logger - INFO - Using start_ry_4_9_matches to calculate F(k)
2025-06-18 05:19:21,941 - global_logger - INFO - Using empirical formula to calculate k_min and k_max
2025-06-18 05:19:21,941 - global_logger - INFO - Using empirical formula to calculate k_min and k_max
2025-06-18 05:19:21,941 - global_logger - INFO - Using empirical formula to calculate k_min and k_max
2025-06-18 05:19:21,943 - global_logger - INFO - k_min: 19, k_max: 24
2025-06-18 05:19:21,943 - global_logger - INFO - k_min: 19, k_max: 24
2025-06-18 05:19:21,943 - global_logger - INFO - k_min: 19, k_max: 24
2025-06-18 05:19:21,943 - global_logger - INFO - Calculating p_hat
2025-06-18 05:19:21,943 - global_logger - INFO - Calculating p_hat
2025-06-18 05:19:21,943 - global_logger - INFO - Calculating p_hat
2025-06-18 05:19:21,950 - global_logger - INFO - Using start_ry_4_9_matches to calculate F(k)
2025-06-18 05:19:21,950 - global_logger - INFO - Using start_ry_4_9_matches to calculate F(k)
2025-06-18 05:19:21,950 - global_logger - INFO - Using start_ry_4_9_matches to calculate F(k)
2025-06-18 05:19:22,046 - global_logger - INFO - Using empirical formula to calculate k_min and k_max
2025-06-18 05:19:22,046 - global_logger - INFO - Using empirical formula to calculate k_min and k_max
2025-06-18 05:19:22,046 - global_logger - INFO - Using empirical formula to calculate k_min and k_max
2025-06-18 05:19:22,047 - global_logger - INFO - k_min: 19, k_max: 24
2025-06-18 05:19:22,047 - global_logger - INFO - k_min: 19, k_max: 24
2025-06-18 05:19:22,047 - global_logger - INFO - k_min: 19, k_max: 24
2025-06-18 05:19:22,047 - global_logger - INFO - Calculating p_hat
2025-06-18 05:19:22,047 - global_logger - INFO - Calculating p_hat
2025-06-18 05:19:22,047 - global_logger - INFO - Calculating p_hat
2025-06-18 05:19:22,054 - global_logger - INFO - Using start_ry_4_9_matches to calculate F(k)
2025-06-18 05:19:22,054 - global_logger - INFO - Using start_ry_4_9_matches to calculate F(k)
2025-06-18 05:19:22,054 - global_logger - INFO - Using start_ry_4_9_matches to calculate F(k)
2025-06-18 05:19:22,155 - global_logger - INFO - Using empirical formula to calculate k_min and k_max
2025-06-18 05:19:22,155 - global_logger - INFO - Using empirical formula to calculate k_min and k_max
2025-06-18 05:19:22,155 - global_logger - INFO - Using empirical formula to calculate k_min and k_max
2025-06-18 05:19:22,157 - global_logger - INFO - k_min: 19, k_max: 24
2025-06-18 05:19:22,157 - global_logger - INFO - k_min: 19, k_max: 24
2025-06-18 05:19:22,157 - global_logger - INFO - k_min: 19, k_max: 24
2025-06-18 05:19:22,158 - global_logger - INFO - Calculating p_hat
2025-06-18 05:19:22,158 - global_logger - INFO - Calculating p_hat
2025-06-18 05:19:22,158 - global_logger - INFO - Calculating p_hat
2025-06-18 05:19:22,166 - global_logger - INFO - Using start_ry_4_9_matches to calculate F(k)
2025-06-18 05:19:22,166 - global_logger - INFO - Using start_ry_4_9_matches to calculate F(k)
2025-06-18 05:19:22,166 - global_logger - INFO - Using start_ry_4_9_matches to calculate F(k)
2025-06-18 05:19:22,287 - global_logger - INFO - Using empirical formula to calculate k_min and k_max
2025-06-18 05:19:22,287 - global_logger - INFO - Using empirical formula to calculate k_min and k_max
2025-06-18 05:19:22,287 - global_logger - INFO - Using empirical formula to calculate k_min and k_max
2025-06-18 05:19:22,288 - global_logger - INFO - k_min: 19, k_max: 24
2025-06-18 05:19:22,288 - global_logger - INFO - k_min: 19, k_max: 24
2025-06-18 05:19:22,288 - global_logger - INFO - k_min: 19, k_max: 24
2025-06-18 05:19:22,288 - global_logger - INFO - Calculating p_hat
2025-06-18 05:19:22,288 - global_logger - INFO - Calculating p_hat
2025-06-18 05:19:22,288 - global_logger - INFO - Calculating p_hat
2025-06-18 05:19:22,295 - global_logger - INFO - Using start_ry_4_9_matches to calculate F(k)
2025-06-18 05:19:22,295 - global_logger - INFO - Using start_ry_4_9_matches to calculate F(k)
2025-06-18 05:19:22,295 - global_logger - INFO - Using start_ry_4_9_matches to calculate F(k)
2025-06-18 05:19:22,426 - global_logger - INFO - Using empirical formula to calculate k_min and k_max
2025-06-18 05:19:22,426 - global_logger - INFO - Using empirical formula to calculate k_min and k_max
2025-06-18 05:19:22,426 - global_logger - INFO - Using empirical formula to calculate k_min and k_max
2025-06-18 05:19:22,428 - global_logger - INFO - k_min: 19, k_max: 24
2025-06-18 05:19:22,428 - global_logger - INFO - k_min: 19, k_max: 24
2025-06-18 05:19:22,428 - global_logger - INFO - k_min: 19, k_max: 24
2025-06-18 05:19:22,428 - global_logger - INFO - Calculating p_hat
2025-06-18 05:19:22,428 - global_logger - INFO - Calculating p_hat
2025-06-18 05:19:22,428 - global_logger - INFO - Calculating p_hat
2025-06-18 05:19:22,435 - global_logger - INFO - Using start_ry_4_9_matches to calculate F(k)
2025-06-18 05:19:22,435 - global_logger - INFO - Using start_ry_4_9_matches to calculate F(k)
2025-06-18 05:19:22,435 - global_logger - INFO - Using start_ry_4_9_matches to calculate F(k)
2025-06-18 05:19:22,554 - global_logger - INFO - Using empirical formula to calculate k_min and k_max
2025-06-18 05:19:22,554 - global_logger - INFO - Using empirical formula to calculate k_min and k_max
2025-06-18 05:19:22,554 - global_logger - INFO - Using empirical formula to calculate k_min and k_max
2025-06-18 05:19:22,555 - global_logger - INFO - k_min: 19, k_max: 24
2025-06-18 05:19:22,555 - global_logger - INFO - k_min: 19, k_max: 24
2025-06-18 05:19:22,555 - global_logger - INFO - k_min: 19, k_max: 24
2025-06-18 05:19:22,555 - global_logger - INFO - Calculating p_hat
2025-06-18 05:19:22,555 - global_logger - INFO - Calculating p_hat
2025-06-18 05:19:22,555 - global_logger - INFO - Calculating p_hat
2025-06-18 05:19:22,562 - global_logger - INFO - Using start_ry_4_9_matches to calculate F(k)
2025-06-18 05:19:22,562 - global_logger - INFO - Using start_ry_4_9_matches to calculate F(k)
2025-06-18 05:19:22,562 - global_logger - INFO - Using start_ry_4_9_matches to calculate F(k)
2025-06-18 05:19:22,635 - global_logger - INFO - Using empirical formula to calculate k_min and k_max
2025-06-18 05:19:22,635 - global_logger - INFO - Using empirical formula to calculate k_min and k_max
2025-06-18 05:19:22,635 - global_logger - INFO - Using empirical formula to calculate k_min and k_max
2025-06-18 05:19:22,637 - global_logger - INFO - k_min: 19, k_max: 24
2025-06-18 05:19:22,637 - global_logger - INFO - k_min: 19, k_max: 24
2025-06-18 05:19:22,637 - global_logger - INFO - k_min: 19, k_max: 24
2025-06-18 05:19:22,637 - global_logger - INFO - Calculating p_hat
2025-06-18 05:19:22,637 - global_logger - INFO - Calculating p_hat
2025-06-18 05:19:22,637 - global_logger - INFO - Calculating p_hat
2025-06-18 05:19:22,644 - global_logger - INFO - Using start_ry_4_9_matches to calculate F(k)
2025-06-18 05:19:22,644 - global_logger - INFO - Using start_ry_4_9_matches to calculate F(k)
2025-06-18 05:19:22,644 - global_logger - INFO - Using start_ry_4_9_matches to calculate F(k)
2025-06-18 05:19:22,773 - global_logger - INFO - Using empirical formula to calculate k_min and k_max
2025-06-18 05:19:22,773 - global_logger - INFO - Using empirical formula to calculate k_min and k_max
2025-06-18 05:19:22,773 - global_logger - INFO - Using empirical formula to calculate k_min and k_max
2025-06-18 05:19:22,774 - global_logger - INFO - k_min: 19, k_max: 24
2025-06-18 05:19:22,774 - global_logger - INFO - k_min: 19, k_max: 24
2025-06-18 05:19:22,774 - global_logger - INFO - k_min: 19, k_max: 24
2025-06-18 05:19:22,775 - global_logger - INFO - Calculating p_hat
2025-06-18 05:19:22,775 - global_logger - INFO - Calculating p_hat
2025-06-18 05:19:22,775 - global_logger - INFO - Calculating p_hat
2025-06-18 05:19:22,783 - global_logger - INFO - Using start_ry_4_9_matches to calculate F(k)
2025-06-18 05:19:22,783 - global_logger - INFO - Using start_ry_4_9_matches to calculate F(k)
2025-06-18 05:19:22,783 - global_logger - INFO - Using start_ry_4_9_matches to calculate F(k)
2025-06-18 05:19:22,903 - global_logger - INFO - Using empirical formula to calculate k_min and k_max
2025-06-18 05:19:22,903 - global_logger - INFO - Using empirical formula to calculate k_min and k_max
2025-06-18 05:19:22,903 - global_logger - INFO - Using empirical formula to calculate k_min and k_max
2025-06-18 05:19:22,905 - global_logger - INFO - k_min: 19, k_max: 24
2025-06-18 05:19:22,905 - global_logger - INFO - k_min: 19, k_max: 24
2025-06-18 05:19:22,905 - global_logger - INFO - k_min: 19, k_max: 24
2025-06-18 05:19:22,905 - global_logger - INFO - Calculating p_hat
2025-06-18 05:19:22,905 - global_logger - INFO - Calculating p_hat
2025-06-18 05:19:22,905 - global_logger - INFO - Calculating p_hat
2025-06-18 05:19:22,911 - global_logger - INFO - Using start_ry_4_9_matches to calculate F(k)
2025-06-18 05:19:22,911 - global_logger - INFO - Using start_ry_4_9_matches to calculate F(k)
2025-06-18 05:19:22,911 - global_logger - INFO - Using start_ry_4_9_matches to calculate F(k)
2025-06-18 05:19:23,005 - global_logger - INFO - Using empirical formula to calculate k_min and k_max
2025-06-18 05:19:23,005 - global_logger - INFO - Using empirical formula to calculate k_min and k_max
2025-06-18 05:19:23,005 - global_logger - INFO - Using empirical formula to calculate k_min and k_max
2025-06-18 05:19:23,007 - global_logger - INFO - k_min: 19, k_max: 24
2025-06-18 05:19:23,007 - global_logger - INFO - k_min: 19, k_max: 24
2025-06-18 05:19:23,007 - global_logger - INFO - k_min: 19, k_max: 24
2025-06-18 05:19:23,007 - global_logger - INFO - Calculating p_hat
2025-06-18 05:19:23,007 - global_logger - INFO - Calculating p_hat
2025-06-18 05:19:23,007 - global_logger - INFO - Calculating p_hat
2025-06-18 05:19:23,015 - global_logger - INFO - Using start_ry_4_9_matches to calculate F(k)
2025-06-18 05:19:23,015 - global_logger - INFO - Using start_ry_4_9_matches to calculate F(k)
2025-06-18 05:19:23,015 - global_logger - INFO - Using start_ry_4_9_matches to calculate F(k)
2025-06-18 05:19:23,168 - global_logger - INFO - Using empirical formula to calculate k_min and k_max
2025-06-18 05:19:23,168 - global_logger - INFO - Using empirical formula to calculate k_min and k_max
2025-06-18 05:19:23,168 - global_logger - INFO - Using empirical formula to calculate k_min and k_max
2025-06-18 05:19:23,170 - global_logger - INFO - k_min: 19, k_max: 24
2025-06-18 05:19:23,170 - global_logger - INFO - k_min: 19, k_max: 24
2025-06-18 05:19:23,170 - global_logger - INFO - k_min: 19, k_max: 24
2025-06-18 05:19:23,170 - global_logger - INFO - Calculating p_hat
2025-06-18 05:19:23,170 - global_logger - INFO - Calculating p_hat
2025-06-18 05:19:23,170 - global_logger - INFO - Calculating p_hat
2025-06-18 05:19:23,178 - global_logger - INFO - Using start_ry_4_9_matches to calculate F(k)
2025-06-18 05:19:23,178 - global_logger - INFO - Using start_ry_4_9_matches to calculate F(k)
2025-06-18 05:19:23,178 - global_logger - INFO - Using start_ry_4_9_matches to calculate F(k)
2025-06-18 05:19:23,320 - global_logger - INFO - Using empirical formula to calculate k_min and k_max
2025-06-18 05:19:23,320 - global_logger - INFO - Using empirical formula to calculate k_min and k_max
2025-06-18 05:19:23,320 - global_logger - INFO - Using empirical formula to calculate k_min and k_max
2025-06-18 05:19:23,322 - global_logger - INFO - k_min: 19, k_max: 24
2025-06-18 05:19:23,322 - global_logger - INFO - k_min: 19, k_max: 24
2025-06-18 05:19:23,322 - global_logger - INFO - k_min: 19, k_max: 24
2025-06-18 05:19:23,322 - global_logger - INFO - Calculating p_hat
2025-06-18 05:19:23,322 - global_logger - INFO - Calculating p_hat
2025-06-18 05:19:23,322 - global_logger - INFO - Calculating p_hat
2025-06-18 05:19:23,330 - global_logger - INFO - Using start_ry_4_9_matches to calculate F(k)
2025-06-18 05:19:23,330 - global_logger - INFO - Using start_ry_4_9_matches to calculate F(k)
2025-06-18 05:19:23,330 - global_logger - INFO - Using start_ry_4_9_matches to calculate F(k)
2025-06-18 05:19:23,407 - global_logger - INFO - Using empirical formula to calculate k_min and k_max
2025-06-18 05:19:23,407 - global_logger - INFO - Using empirical formula to calculate k_min and k_max
2025-06-18 05:19:23,407 - global_logger - INFO - Using empirical formula to calculate k_min and k_max
2025-06-18 05:19:23,410 - global_logger - INFO - k_min: 19, k_max: 24
2025-06-18 05:19:23,410 - global_logger - INFO - k_min: 19, k_max: 24
2025-06-18 05:19:23,410 - global_logger - INFO - k_min: 19, k_max: 24
2025-06-18 05:19:23,411 - global_logger - INFO - Calculating p_hat
2025-06-18 05:19:23,411 - global_logger - INFO - Calculating p_hat
2025-06-18 05:19:23,411 - global_logger - INFO - Calculating p_hat
2025-06-18 05:19:23,418 - global_logger - INFO - Using start_ry_4_9_matches to calculate F(k)
2025-06-18 05:19:23,418 - global_logger - INFO - Using start_ry_4_9_matches to calculate F(k)
2025-06-18 05:19:23,418 - global_logger - INFO - Using start_ry_4_9_matches to calculate F(k)
2025-06-18 05:19:23,534 - global_logger - INFO - Using empirical formula to calculate k_min and k_max
2025-06-18 05:19:23,534 - global_logger - INFO - Using empirical formula to calculate k_min and k_max
2025-06-18 05:19:23,534 - global_logger - INFO - Using empirical formula to calculate k_min and k_max
2025-06-18 05:19:23,536 - global_logger - INFO - k_min: 19, k_max: 24
2025-06-18 05:19:23,536 - global_logger - INFO - k_min: 19, k_max: 24
2025-06-18 05:19:23,536 - global_logger - INFO - k_min: 19, k_max: 24
2025-06-18 05:19:23,536 - global_logger - INFO - Calculating p_hat
2025-06-18 05:19:23,536 - global_logger - INFO - Calculating p_hat
2025-06-18 05:19:23,536 - global_logger - INFO - Calculating p_hat
2025-06-18 05:19:23,542 - global_logger - INFO - Using start_ry_4_9_matches to calculate F(k)
2025-06-18 05:19:23,542 - global_logger - INFO - Using start_ry_4_9_matches to calculate F(k)
2025-06-18 05:19:23,542 - global_logger - INFO - Using start_ry_4_9_matches to calculate F(k)
2025-06-18 05:19:23,700 - global_logger - INFO - Using empirical formula to calculate k_min and k_max
2025-06-18 05:19:23,700 - global_logger - INFO - Using empirical formula to calculate k_min and k_max
2025-06-18 05:19:23,700 - global_logger - INFO - Using empirical formula to calculate k_min and k_max
2025-06-18 05:19:23,702 - global_logger - INFO - k_min: 19, k_max: 24
2025-06-18 05:19:23,702 - global_logger - INFO - k_min: 19, k_max: 24
2025-06-18 05:19:23,702 - global_logger - INFO - k_min: 19, k_max: 24
2025-06-18 05:19:23,702 - global_logger - INFO - Calculating p_hat
2025-06-18 05:19:23,702 - global_logger - INFO - Calculating p_hat
2025-06-18 05:19:23,702 - global_logger - INFO - Calculating p_hat
2025-06-18 05:19:23,712 - global_logger - INFO - Using start_ry_4_9_matches to calculate F(k)
2025-06-18 05:19:23,712 - global_logger - INFO - Using start_ry_4_9_matches to calculate F(k)
2025-06-18 05:19:23,712 - global_logger - INFO - Using start_ry_4_9_matches to calculate F(k)
2025-06-18 05:19:23,849 - global_logger - INFO - Using empirical formula to calculate k_min and k_max
2025-06-18 05:19:23,849 - global_logger - INFO - Using empirical formula to calculate k_min and k_max
2025-06-18 05:19:23,849 - global_logger - INFO - Using empirical formula to calculate k_min and k_max
2025-06-18 05:19:23,850 - global_logger - INFO - k_min: 19, k_max: 24
2025-06-18 05:19:23,850 - global_logger - INFO - k_min: 19, k_max: 24
2025-06-18 05:19:23,850 - global_logger - INFO - k_min: 19, k_max: 24
2025-06-18 05:19:23,850 - global_logger - INFO - Calculating p_hat
2025-06-18 05:19:23,850 - global_logger - INFO - Calculating p_hat
2025-06-18 05:19:23,850 - global_logger - INFO - Calculating p_hat
2025-06-18 05:19:23,857 - global_logger - INFO - Using start_ry_4_9_matches to calculate F(k)
2025-06-18 05:19:23,857 - global_logger - INFO - Using start_ry_4_9_matches to calculate F(k)
2025-06-18 05:19:23,857 - global_logger - INFO - Using start_ry_4_9_matches to calculate F(k)
2025-06-18 05:19:23,955 - global_logger - INFO - Using empirical formula to calculate k_min and k_max
2025-06-18 05:19:23,955 - global_logger - INFO - Using empirical formula to calculate k_min and k_max
2025-06-18 05:19:23,955 - global_logger - INFO - Using empirical formula to calculate k_min and k_max
2025-06-18 05:19:23,956 - global_logger - INFO - k_min: 19, k_max: 24
2025-06-18 05:19:23,956 - global_logger - INFO - k_min: 19, k_max: 24
2025-06-18 05:19:23,956 - global_logger - INFO - k_min: 19, k_max: 24
2025-06-18 05:19:23,956 - global_logger - INFO - Calculating p_hat
2025-06-18 05:19:23,956 - global_logger - INFO - Calculating p_hat
2025-06-18 05:19:23,956 - global_logger - INFO - Calculating p_hat
2025-06-18 05:19:23,963 - global_logger - INFO - Using start_ry_4_9_matches to calculate F(k)
2025-06-18 05:19:23,963 - global_logger - INFO - Using start_ry_4_9_matches to calculate F(k)
2025-06-18 05:19:23,963 - global_logger - INFO - Using start_ry_4_9_matches to calculate F(k)
2025-06-18 05:19:24,067 - global_logger - INFO - Using empirical formula to calculate k_min and k_max
2025-06-18 05:19:24,067 - global_logger - INFO - Using empirical formula to calculate k_min and k_max
2025-06-18 05:19:24,067 - global_logger - INFO - Using empirical formula to calculate k_min and k_max
2025-06-18 05:19:24,069 - global_logger - INFO - k_min: 19, k_max: 24
2025-06-18 05:19:24,069 - global_logger - INFO - k_min: 19, k_max: 24
2025-06-18 05:19:24,069 - global_logger - INFO - k_min: 19, k_max: 24
2025-06-18 05:19:24,070 - global_logger - INFO - Calculating p_hat
2025-06-18 05:19:24,070 - global_logger - INFO - Calculating p_hat
2025-06-18 05:19:24,070 - global_logger - INFO - Calculating p_hat
2025-06-18 05:19:24,077 - global_logger - INFO - Using start_ry_4_9_matches to calculate F(k)
2025-06-18 05:19:24,077 - global_logger - INFO - Using start_ry_4_9_matches to calculate F(k)
2025-06-18 05:19:24,077 - global_logger - INFO - Using start_ry_4_9_matches to calculate F(k)
2025-06-18 05:19:24,208 - global_logger - INFO - Using empirical formula to calculate k_min and k_max
2025-06-18 05:19:24,208 - global_logger - INFO - Using empirical formula to calculate k_min and k_max
2025-06-18 05:19:24,208 - global_logger - INFO - Using empirical formula to calculate k_min and k_max
2025-06-18 05:19:24,210 - global_logger - INFO - k_min: 19, k_max: 24
2025-06-18 05:19:24,210 - global_logger - INFO - k_min: 19, k_max: 24
2025-06-18 05:19:24,210 - global_logger - INFO - k_min: 19, k_max: 24
2025-06-18 05:19:24,210 - global_logger - INFO - Calculating p_hat
2025-06-18 05:19:24,210 - global_logger - INFO - Calculating p_hat
2025-06-18 05:19:24,210 - global_logger - INFO - Calculating p_hat
2025-06-18 05:19:24,218 - global_logger - INFO - Using start_ry_4_9_matches to calculate F(k)
2025-06-18 05:19:24,218 - global_logger - INFO - Using start_ry_4_9_matches to calculate F(k)
2025-06-18 05:19:24,218 - global_logger - INFO - Using start_ry_4_9_matches to calculate F(k)
2025-06-18 05:19:24,293 - global_logger - INFO - Using empirical formula to calculate k_min and k_max
2025-06-18 05:19:24,293 - global_logger - INFO - Using empirical formula to calculate k_min and k_max
2025-06-18 05:19:24,293 - global_logger - INFO - Using empirical formula to calculate k_min and k_max
2025-06-18 05:19:24,295 - global_logger - INFO - k_min: 19, k_max: 24
2025-06-18 05:19:24,295 - global_logger - INFO - k_min: 19, k_max: 24
2025-06-18 05:19:24,295 - global_logger - INFO - k_min: 19, k_max: 24
2025-06-18 05:19:24,295 - global_logger - INFO - Calculating p_hat
2025-06-18 05:19:24,295 - global_logger - INFO - Calculating p_hat
2025-06-18 05:19:24,295 - global_logger - INFO - Calculating p_hat
2025-06-18 05:19:24,303 - global_logger - INFO - Using start_ry_4_9_matches to calculate F(k)
2025-06-18 05:19:24,303 - global_logger - INFO - Using start_ry_4_9_matches to calculate F(k)
2025-06-18 05:19:24,303 - global_logger - INFO - Using start_ry_4_9_matches to calculate F(k)
2025-06-18 05:19:24,378 - global_logger - INFO - Using empirical formula to calculate k_min and k_max
2025-06-18 05:19:24,378 - global_logger - INFO - Using empirical formula to calculate k_min and k_max
2025-06-18 05:19:24,378 - global_logger - INFO - Using empirical formula to calculate k_min and k_max
2025-06-18 05:19:24,380 - global_logger - INFO - k_min: 19, k_max: 24
2025-06-18 05:19:24,380 - global_logger - INFO - k_min: 19, k_max: 24
2025-06-18 05:19:24,380 - global_logger - INFO - k_min: 19, k_max: 24
2025-06-18 05:19:24,381 - global_logger - INFO - Calculating p_hat
2025-06-18 05:19:24,381 - global_logger - INFO - Calculating p_hat
2025-06-18 05:19:24,381 - global_logger - INFO - Calculating p_hat
2025-06-18 05:19:24,388 - global_logger - INFO - Using start_ry_4_9_matches to calculate F(k)
2025-06-18 05:19:24,388 - global_logger - INFO - Using start_ry_4_9_matches to calculate F(k)
2025-06-18 05:19:24,388 - global_logger - INFO - Using start_ry_4_9_matches to calculate F(k)
2025-06-18 05:19:24,469 - global_logger - INFO - Using empirical formula to calculate k_min and k_max
2025-06-18 05:19:24,469 - global_logger - INFO - Using empirical formula to calculate k_min and k_max
2025-06-18 05:19:24,469 - global_logger - INFO - Using empirical formula to calculate k_min and k_max
2025-06-18 05:19:24,471 - global_logger - INFO - k_min: 19, k_max: 24
2025-06-18 05:19:24,471 - global_logger - INFO - k_min: 19, k_max: 24
2025-06-18 05:19:24,471 - global_logger - INFO - k_min: 19, k_max: 24
2025-06-18 05:19:24,471 - global_logger - INFO - Calculating p_hat
2025-06-18 05:19:24,471 - global_logger - INFO - Calculating p_hat
2025-06-18 05:19:24,471 - global_logger - INFO - Calculating p_hat
2025-06-18 05:19:24,479 - global_logger - INFO - Using start_ry_4_9_matches to calculate F(k)
2025-06-18 05:19:24,479 - global_logger - INFO - Using start_ry_4_9_matches to calculate F(k)
2025-06-18 05:19:24,479 - global_logger - INFO - Using start_ry_4_9_matches to calculate F(k)
2025-06-18 05:19:24,558 - global_logger - INFO - Using empirical formula to calculate k_min and k_max
2025-06-18 05:19:24,558 - global_logger - INFO - Using empirical formula to calculate k_min and k_max
2025-06-18 05:19:24,558 - global_logger - INFO - Using empirical formula to calculate k_min and k_max
2025-06-18 05:19:24,568 - global_logger - INFO - k_min: 19, k_max: 24
2025-06-18 05:19:24,568 - global_logger - INFO - k_min: 19, k_max: 24
2025-06-18 05:19:24,568 - global_logger - INFO - k_min: 19, k_max: 24
2025-06-18 05:19:24,569 - global_logger - INFO - Calculating p_hat
2025-06-18 05:19:24,569 - global_logger - INFO - Calculating p_hat
2025-06-18 05:19:24,569 - global_logger - INFO - Calculating p_hat
2025-06-18 05:19:24,578 - global_logger - INFO - Using start_ry_4_9_matches to calculate F(k)
2025-06-18 05:19:24,578 - global_logger - INFO - Using start_ry_4_9_matches to calculate F(k)
2025-06-18 05:19:24,578 - global_logger - INFO - Using start_ry_4_9_matches to calculate F(k)
2025-06-18 05:19:24,781 - global_logger - INFO - Using empirical formula to calculate k_min and k_max
2025-06-18 05:19:24,781 - global_logger - INFO - Using empirical formula to calculate k_min and k_max
2025-06-18 05:19:24,781 - global_logger - INFO - Using empirical formula to calculate k_min and k_max
2025-06-18 05:19:24,783 - global_logger - INFO - k_min: 19, k_max: 24
2025-06-18 05:19:24,783 - global_logger - INFO - k_min: 19, k_max: 24
2025-06-18 05:19:24,783 - global_logger - INFO - k_min: 19, k_max: 24
2025-06-18 05:19:24,784 - global_logger - INFO - Calculating p_hat
2025-06-18 05:19:24,784 - global_logger - INFO - Calculating p_hat
2025-06-18 05:19:24,784 - global_logger - INFO - Calculating p_hat
2025-06-18 05:19:24,791 - global_logger - INFO - Using start_ry_4_9_matches to calculate F(k)
2025-06-18 05:19:24,791 - global_logger - INFO - Using start_ry_4_9_matches to calculate F(k)
2025-06-18 05:19:24,791 - global_logger - INFO - Using start_ry_4_9_matches to calculate F(k)
2025-06-18 05:19:24,887 - global_logger - INFO - Using empirical formula to calculate k_min and k_max
2025-06-18 05:19:24,887 - global_logger - INFO - Using empirical formula to calculate k_min and k_max
2025-06-18 05:19:24,887 - global_logger - INFO - Using empirical formula to calculate k_min and k_max
2025-06-18 05:19:24,890 - global_logger - INFO - k_min: 19, k_max: 24
2025-06-18 05:19:24,890 - global_logger - INFO - k_min: 19, k_max: 24
2025-06-18 05:19:24,890 - global_logger - INFO - k_min: 19, k_max: 24
2025-06-18 05:19:24,890 - global_logger - INFO - Calculating p_hat
2025-06-18 05:19:24,890 - global_logger - INFO - Calculating p_hat
2025-06-18 05:19:24,890 - global_logger - INFO - Calculating p_hat
2025-06-18 05:19:24,907 - global_logger - INFO - Using start_ry_4_9_matches to calculate F(k)
2025-06-18 05:19:24,907 - global_logger - INFO - Using start_ry_4_9_matches to calculate F(k)
2025-06-18 05:19:24,907 - global_logger - INFO - Using start_ry_4_9_matches to calculate F(k)
2025-06-18 05:19:25,035 - global_logger - INFO - Using empirical formula to calculate k_min and k_max
2025-06-18 05:19:25,035 - global_logger - INFO - Using empirical formula to calculate k_min and k_max
2025-06-18 05:19:25,035 - global_logger - INFO - Using empirical formula to calculate k_min and k_max
2025-06-18 05:19:25,036 - global_logger - INFO - k_min: 19, k_max: 24
2025-06-18 05:19:25,036 - global_logger - INFO - k_min: 19, k_max: 24
2025-06-18 05:19:25,036 - global_logger - INFO - k_min: 19, k_max: 24
2025-06-18 05:19:25,051 - global_logger - INFO - Calculating p_hat
2025-06-18 05:19:25,051 - global_logger - INFO - Calculating p_hat
2025-06-18 05:19:25,051 - global_logger - INFO - Calculating p_hat
2025-06-18 05:19:25,067 - global_logger - INFO - Using start_ry_4_9_matches to calculate F(k)
2025-06-18 05:19:25,067 - global_logger - INFO - Using start_ry_4_9_matches to calculate F(k)
2025-06-18 05:19:25,067 - global_logger - INFO - Using start_ry_4_9_matches to calculate F(k)
2025-06-18 05:19:25,240 - global_logger - INFO - Using empirical formula to calculate k_min and k_max
2025-06-18 05:19:25,240 - global_logger - INFO - Using empirical formula to calculate k_min and k_max
2025-06-18 05:19:25,240 - global_logger - INFO - Using empirical formula to calculate k_min and k_max
2025-06-18 05:19:25,242 - global_logger - INFO - k_min: 19, k_max: 24
2025-06-18 05:19:25,242 - global_logger - INFO - k_min: 19, k_max: 24
2025-06-18 05:19:25,242 - global_logger - INFO - k_min: 19, k_max: 24
2025-06-18 05:19:25,243 - global_logger - INFO - Calculating p_hat
2025-06-18 05:19:25,243 - global_logger - INFO - Calculating p_hat
2025-06-18 05:19:25,243 - global_logger - INFO - Calculating p_hat
2025-06-18 05:19:25,250 - global_logger - INFO - Using start_ry_4_9_matches to calculate F(k)
2025-06-18 05:19:25,250 - global_logger - INFO - Using start_ry_4_9_matches to calculate F(k)
2025-06-18 05:19:25,250 - global_logger - INFO - Using start_ry_4_9_matches to calculate F(k)
2025-06-18 05:19:25,441 - global_logger - INFO - Using empirical formula to calculate k_min and k_max
2025-06-18 05:19:25,441 - global_logger - INFO - Using empirical formula to calculate k_min and k_max
2025-06-18 05:19:25,441 - global_logger - INFO - Using empirical formula to calculate k_min and k_max
2025-06-18 05:19:25,442 - global_logger - INFO - k_min: 19, k_max: 24
2025-06-18 05:19:25,442 - global_logger - INFO - k_min: 19, k_max: 24
2025-06-18 05:19:25,442 - global_logger - INFO - k_min: 19, k_max: 24
2025-06-18 05:19:25,443 - global_logger - INFO - Calculating p_hat
2025-06-18 05:19:25,443 - global_logger - INFO - Calculating p_hat
2025-06-18 05:19:25,443 - global_logger - INFO - Calculating p_hat
2025-06-18 05:19:25,450 - global_logger - INFO - Using start_ry_4_9_matches to calculate F(k)
2025-06-18 05:19:25,450 - global_logger - INFO - Using start_ry_4_9_matches to calculate F(k)
2025-06-18 05:19:25,450 - global_logger - INFO - Using start_ry_4_9_matches to calculate F(k)
2025-06-18 05:19:25,574 - global_logger - INFO - Using empirical formula to calculate k_min and k_max
2025-06-18 05:19:25,574 - global_logger - INFO - Using empirical formula to calculate k_min and k_max
2025-06-18 05:19:25,574 - global_logger - INFO - Using empirical formula to calculate k_min and k_max
2025-06-18 05:19:25,592 - global_logger - INFO - k_min: 19, k_max: 24
2025-06-18 05:19:25,592 - global_logger - INFO - k_min: 19, k_max: 24
2025-06-18 05:19:25,592 - global_logger - INFO - k_min: 19, k_max: 24
2025-06-18 05:19:25,592 - global_logger - INFO - Calculating p_hat
2025-06-18 05:19:25,592 - global_logger - INFO - Calculating p_hat
2025-06-18 05:19:25,592 - global_logger - INFO - Calculating p_hat
2025-06-18 05:19:25,619 - global_logger - INFO - Using start_ry_4_9_matches to calculate F(k)
2025-06-18 05:19:25,619 - global_logger - INFO - Using start_ry_4_9_matches to calculate F(k)
2025-06-18 05:19:25,619 - global_logger - INFO - Using start_ry_4_9_matches to calculate F(k)
2025-06-18 05:19:25,723 - global_logger - INFO - Using empirical formula to calculate k_min and k_max
2025-06-18 05:19:25,723 - global_logger - INFO - Using empirical formula to calculate k_min and k_max
2025-06-18 05:19:25,723 - global_logger - INFO - Using empirical formula to calculate k_min and k_max
2025-06-18 05:19:25,725 - global_logger - INFO - k_min: 19, k_max: 24
2025-06-18 05:19:25,725 - global_logger - INFO - k_min: 19, k_max: 24
2025-06-18 05:19:25,725 - global_logger - INFO - k_min: 19, k_max: 24
2025-06-18 05:19:25,728 - global_logger - INFO - Calculating p_hat
2025-06-18 05:19:25,728 - global_logger - INFO - Calculating p_hat
2025-06-18 05:19:25,728 - global_logger - INFO - Calculating p_hat
2025-06-18 05:19:25,754 - global_logger - INFO - Using start_ry_4_9_matches to calculate F(k)
2025-06-18 05:19:25,754 - global_logger - INFO - Using start_ry_4_9_matches to calculate F(k)
2025-06-18 05:19:25,754 - global_logger - INFO - Using start_ry_4_9_matches to calculate F(k)
2025-06-18 05:19:25,928 - global_logger - INFO - Using empirical formula to calculate k_min and k_max
2025-06-18 05:19:25,928 - global_logger - INFO - Using empirical formula to calculate k_min and k_max
2025-06-18 05:19:25,928 - global_logger - INFO - Using empirical formula to calculate k_min and k_max
2025-06-18 05:19:25,930 - global_logger - INFO - k_min: 19, k_max: 24
2025-06-18 05:19:25,930 - global_logger - INFO - k_min: 19, k_max: 24
2025-06-18 05:19:25,930 - global_logger - INFO - k_min: 19, k_max: 24
2025-06-18 05:19:25,930 - global_logger - INFO - Calculating p_hat
2025-06-18 05:19:25,930 - global_logger - INFO - Calculating p_hat
2025-06-18 05:19:25,930 - global_logger - INFO - Calculating p_hat
2025-06-18 05:19:25,947 - global_logger - INFO - Using start_ry_4_9_matches to calculate F(k)
2025-06-18 05:19:25,947 - global_logger - INFO - Using start_ry_4_9_matches to calculate F(k)
2025-06-18 05:19:25,947 - global_logger - INFO - Using start_ry_4_9_matches to calculate F(k)
2025-06-18 05:19:26,272 - global_logger - INFO - Using empirical formula to calculate k_min and k_max
2025-06-18 05:19:26,272 - global_logger - INFO - Using empirical formula to calculate k_min and k_max
2025-06-18 05:19:26,272 - global_logger - INFO - Using empirical formula to calculate k_min and k_max
2025-06-18 05:19:26,304 - global_logger - INFO - k_min: 19, k_max: 24
2025-06-18 05:19:26,304 - global_logger - INFO - k_min: 19, k_max: 24
2025-06-18 05:19:26,304 - global_logger - INFO - k_min: 19, k_max: 24
2025-06-18 05:19:26,304 - global_logger - INFO - Calculating p_hat
2025-06-18 05:19:26,304 - global_logger - INFO - Calculating p_hat
2025-06-18 05:19:26,304 - global_logger - INFO - Calculating p_hat
2025-06-18 05:19:26,319 - global_logger - INFO - Using start_ry_4_9_matches to calculate F(k)
2025-06-18 05:19:26,319 - global_logger - INFO - Using start_ry_4_9_matches to calculate F(k)
2025-06-18 05:19:26,319 - global_logger - INFO - Using start_ry_4_9_matches to calculate F(k)
